{"/Users/victorwilliams/Documents/GitHub/quote-generator/src/App.tsx": {"path":"/Users/victorwilliams/Documents/GitHub/quote-generator/src/App.tsx","statementMap":{"0":{"start":{"line":2,"column":0},"end":{"line":2,"column":51}},"1":{"start":{"line":3,"column":0},"end":{"line":3,"column":88}},"2":{"start":{"line":4,"column":0},"end":{"line":4,"column":31}},"3":{"start":{"line":6,"column":0},"end":{"line":6,"column":62}},"4":{"start":{"line":7,"column":0},"end":{"line":7,"column":62}},"5":{"start":{"line":8,"column":0},"end":{"line":8,"column":54}},"6":{"start":{"line":9,"column":0},"end":{"line":9,"column":56}},"7":{"start":{"line":10,"column":0},"end":{"line":10,"column":47}},"8":{"start":{"line":11,"column":0},"end":{"line":11,"column":51}},"9":{"start":{"line":12,"column":0},"end":{"line":12,"column":55}},"10":{"start":{"line":13,"column":0},"end":{"line":13,"column":49}},"11":{"start":{"line":14,"column":0},"end":{"line":14,"column":42}},"12":{"start":{"line":17,"column":22},"end":{"line":211,"column":1}},"13":{"start":{"line":18,"column":26},"end":{"line":18,"column":61}},"14":{"start":{"line":19,"column":40},"end":{"line":19,"column":72}},"15":{"start":{"line":20,"column":28},"end":{"line":20,"column":56}},"16":{"start":{"line":21,"column":32},"end":{"line":21,"column":47}},"17":{"start":{"line":22,"column":28},"end":{"line":22,"column":57}},"18":{"start":{"line":23,"column":42},"end":{"line":23,"column":57}},"19":{"start":{"line":25,"column":42},"end":{"line":25,"column":57}},"20":{"start":{"line":26,"column":40},"end":{"line":26,"column":52}},"21":{"start":{"line":28,"column":36},"end":{"line":28,"column":51}},"22":{"start":{"line":29,"column":26},"end":{"line":29,"column":50}},"23":{"start":{"line":29,"column":32},"end":{"line":29,"column":50}},"24":{"start":{"line":30,"column":27},"end":{"line":30,"column":52}},"25":{"start":{"line":30,"column":33},"end":{"line":30,"column":52}},"26":{"start":{"line":32,"column":19},"end":{"line":50,"column":3}},"27":{"start":{"line":33,"column":4},"end":{"line":33,"column":21}},"28":{"start":{"line":34,"column":4},"end":{"line":34,"column":19}},"29":{"start":{"line":35,"column":4},"end":{"line":48,"column":5}},"30":{"start":{"line":37,"column":6},"end":{"line":44,"column":7}},"31":{"start":{"line":38,"column":8},"end":{"line":38,"column":38}},"32":{"start":{"line":41,"column":32},"end":{"line":41,"column":66}},"33":{"start":{"line":42,"column":28},"end":{"line":42,"column":74}},"34":{"start":{"line":43,"column":8},"end":{"line":43,"column":44}},"35":{"start":{"line":45,"column":6},"end":{"line":45,"column":25}},"36":{"start":{"line":47,"column":6},"end":{"line":47,"column":59}},"37":{"start":{"line":49,"column":4},"end":{"line":49,"column":22}},"38":{"start":{"line":52,"column":2},"end":{"line":55,"column":20}},"39":{"start":{"line":53,"column":4},"end":{"line":53,"column":15}},"40":{"start":{"line":57,"column":19},"end":{"line":59,"column":12}},"41":{"start":{"line":58,"column":4},"end":{"line":58,"column":30}},"42":{"start":{"line":62,"column":21},"end":{"line":72,"column":3}},"43":{"start":{"line":63,"column":4},"end":{"line":71,"column":5}},"44":{"start":{"line":64,"column":6},"end":{"line":69,"column":7}},"45":{"start":{"line":65,"column":8},"end":{"line":65,"column":81}},"46":{"start":{"line":66,"column":8},"end":{"line":66,"column":53}},"47":{"start":{"line":68,"column":8},"end":{"line":68,"column":48}},"48":{"start":{"line":70,"column":6},"end":{"line":70,"column":28}},"49":{"start":{"line":74,"column":30},"end":{"line":77,"column":3}},"50":{"start":{"line":75,"column":4},"end":{"line":75,"column":39}},"51":{"start":{"line":75,"column":32},"end":{"line":75,"column":39}},"52":{"start":{"line":76,"column":4},"end":{"line":76,"column":27}},"53":{"start":{"line":79,"column":29},"end":{"line":79,"column":56}},"54":{"start":{"line":79,"column":35},"end":{"line":79,"column":56}},"55":{"start":{"line":80,"column":30},"end":{"line":80,"column":58}},"56":{"start":{"line":80,"column":36},"end":{"line":80,"column":58}},"57":{"start":{"line":81,"column":34},"end":{"line":81,"column":85}},"58":{"start":{"line":81,"column":63},"end":{"line":81,"column":85}},"59":{"start":{"line":82,"column":31},"end":{"line":82,"column":81}},"60":{"start":{"line":82,"column":37},"end":{"line":82,"column":81}},"61":{"start":{"line":84,"column":2},"end":{"line":210,"column":4}},"62":{"start":{"line":213,"column":0},"end":{"line":213,"column":19}}},"fnMap":{"0":{"name":"(anonymous_10)","decl":{"start":{"line":17,"column":22},"end":{"line":17,"column":25}},"loc":{"start":{"line":17,"column":27},"end":{"line":211,"column":1}}},"1":{"name":"(anonymous_11)","decl":{"start":{"line":29,"column":26},"end":{"line":29,"column":29}},"loc":{"start":{"line":29,"column":32},"end":{"line":29,"column":50}}},"2":{"name":"(anonymous_12)","decl":{"start":{"line":30,"column":27},"end":{"line":30,"column":30}},"loc":{"start":{"line":30,"column":33},"end":{"line":30,"column":52}}},"3":{"name":"(anonymous_13)","decl":{"start":{"line":32,"column":19},"end":{"line":32,"column":24}},"loc":{"start":{"line":32,"column":30},"end":{"line":50,"column":3}}},"4":{"name":"(anonymous_14)","decl":{"start":{"line":41,"column":32},"end":{"line":41,"column":45}},"loc":{"start":{"line":41,"column":32},"end":{"line":41,"column":66}}},"5":{"name":"(anonymous_15)","decl":{"start":{"line":52,"column":12},"end":{"line":52,"column":15}},"loc":{"start":{"line":52,"column":17},"end":{"line":55,"column":3}}},"6":{"name":"(anonymous_16)","decl":{"start":{"line":57,"column":33},"end":{"line":57,"column":36}},"loc":{"start":{"line":57,"column":38},"end":{"line":59,"column":3}}},"7":{"name":"(anonymous_17)","decl":{"start":{"line":62,"column":21},"end":{"line":62,"column":26}},"loc":{"start":{"line":62,"column":32},"end":{"line":72,"column":3}}},"8":{"name":"(anonymous_18)","decl":{"start":{"line":74,"column":30},"end":{"line":74,"column":31}},"loc":{"start":{"line":74,"column":89},"end":{"line":77,"column":3}}},"9":{"name":"(anonymous_19)","decl":{"start":{"line":79,"column":29},"end":{"line":79,"column":32}},"loc":{"start":{"line":79,"column":35},"end":{"line":79,"column":56}}},"10":{"name":"(anonymous_20)","decl":{"start":{"line":80,"column":30},"end":{"line":80,"column":33}},"loc":{"start":{"line":80,"column":36},"end":{"line":80,"column":58}}},"11":{"name":"(anonymous_21)","decl":{"start":{"line":81,"column":34},"end":{"line":81,"column":35}},"loc":{"start":{"line":81,"column":63},"end":{"line":81,"column":85}}},"12":{"name":"(anonymous_22)","decl":{"start":{"line":82,"column":31},"end":{"line":82,"column":34}},"loc":{"start":{"line":82,"column":37},"end":{"line":82,"column":81}}}},"branchMap":{"0":{"loc":{"start":{"line":37,"column":6},"end":{"line":44,"column":7}},"type":"if","locations":[{"start":{"line":37,"column":6},"end":{"line":44,"column":7}},{"start":{"line":39,"column":13},"end":{"line":44,"column":7}}]},"1":{"loc":{"start":{"line":63,"column":4},"end":{"line":71,"column":5}},"type":"if","locations":[{"start":{"line":63,"column":4},"end":{"line":71,"column":5}}]},"2":{"loc":{"start":{"line":63,"column":8},"end":{"line":63,"column":25}},"type":"binary-expr","locations":[{"start":{"line":63,"column":8},"end":{"line":63,"column":13}},{"start":{"line":63,"column":17},"end":{"line":63,"column":25}}]},"3":{"loc":{"start":{"line":75,"column":4},"end":{"line":75,"column":39}},"type":"if","locations":[{"start":{"line":75,"column":4},"end":{"line":75,"column":39}}]},"4":{"loc":{"start":{"line":82,"column":45},"end":{"line":82,"column":80}},"type":"cond-expr","locations":[{"start":{"line":82,"column":64},"end":{"line":82,"column":70}},{"start":{"line":82,"column":73},"end":{"line":82,"column":80}}]},"5":{"loc":{"start":{"line":108,"column":22},"end":{"line":108,"column":87}},"type":"cond-expr","locations":[{"start":{"line":108,"column":41},"end":{"line":108,"column":62}},{"start":{"line":108,"column":65},"end":{"line":108,"column":87}}]},"6":{"loc":{"start":{"line":111,"column":11},"end":{"line":111,"column":109}},"type":"cond-expr","locations":[{"start":{"line":111,"column":30},"end":{"line":111,"column":68}},{"start":{"line":111,"column":71},"end":{"line":111,"column":109}}]},"7":{"loc":{"start":{"line":131,"column":9},"end":{"line":139,"column":null}},"type":"binary-expr","locations":[{"start":{"line":131,"column":9},"end":{"line":131,"column":14}},{"start":{"line":132,"column":10},"end":{"line":138,"column":null}}]},"8":{"loc":{"start":{"line":151,"column":20},"end":{"line":151,"column":37}},"type":"binary-expr","locations":[{"start":{"line":151,"column":20},"end":{"line":151,"column":27}},{"start":{"line":151,"column":31},"end":{"line":151,"column":37}}]},"9":{"loc":{"start":{"line":163,"column":26},"end":{"line":163,"column":43}},"type":"binary-expr","locations":[{"start":{"line":163,"column":26},"end":{"line":163,"column":33}},{"start":{"line":163,"column":37},"end":{"line":163,"column":43}}]},"10":{"loc":{"start":{"line":165,"column":22},"end":{"line":165,"column":145}},"type":"cond-expr","locations":[{"start":{"line":165,"column":30},"end":{"line":165,"column":133}},{"start":{"line":165,"column":136},"end":{"line":165,"column":145}}]},"11":{"loc":{"start":{"line":178,"column":26},"end":{"line":178,"column":43}},"type":"binary-expr","locations":[{"start":{"line":178,"column":26},"end":{"line":178,"column":33}},{"start":{"line":178,"column":37},"end":{"line":178,"column":43}}]},"12":{"loc":{"start":{"line":180,"column":22},"end":{"line":180,"column":206}},"type":"cond-expr","locations":[{"start":{"line":180,"column":30},"end":{"line":180,"column":194}},{"start":{"line":180,"column":197},"end":{"line":180,"column":206}}]}},"s":{"0":0,"1":0,"2":0,"3":0,"4":0,"5":0,"6":0,"7":0,"8":0,"9":0,"10":0,"11":0,"12":0,"13":0,"14":0,"15":0,"16":0,"17":0,"18":0,"19":0,"20":0,"21":0,"22":0,"23":0,"24":0,"25":0,"26":0,"27":0,"28":0,"29":0,"30":0,"31":0,"32":0,"33":0,"34":0,"35":0,"36":0,"37":0,"38":0,"39":0,"40":0,"41":0,"42":0,"43":0,"44":0,"45":0,"46":0,"47":0,"48":0,"49":0,"50":0,"51":0,"52":0,"53":0,"54":0,"55":0,"56":0,"57":0,"58":0,"59":0,"60":0,"61":0,"62":0},"f":{"0":0,"1":0,"2":0,"3":0,"4":0,"5":0,"6":0,"7":0,"8":0,"9":0,"10":0,"11":0,"12":0},"b":{"0":[0,0],"1":[0],"2":[0,0],"3":[0],"4":[0,0],"5":[0,0],"6":[0,0],"7":[0,0],"8":[0,0],"9":[0,0],"10":[0,0],"11":[0,0],"12":[0,0]}}
,"/Users/victorwilliams/Documents/GitHub/quote-generator/src/main.tsx": {"path":"/Users/victorwilliams/Documents/GitHub/quote-generator/src/main.tsx","statementMap":{"0":{"start":{"line":1,"column":0},"end":{"line":1,"column":26}},"1":{"start":{"line":2,"column":0},"end":{"line":2,"column":40}},"2":{"start":{"line":3,"column":0},"end":{"line":3,"column":24}},"3":{"start":{"line":5,"column":0},"end":{"line":9,"column":2}}},"fnMap":{},"branchMap":{},"s":{"0":0,"1":0,"2":0,"3":0},"f":{},"b":{}}
,"/Users/victorwilliams/Documents/GitHub/quote-generator/src/theme.ts": {"path":"/Users/victorwilliams/Documents/GitHub/quote-generator/src/theme.ts","statementMap":{"0":{"start":{"line":1,"column":0},"end":{"line":1,"column":51}},"1":{"start":{"line":3,"column":17},"end":{"line":27,"column":4}},"2":{"start":{"line":4,"column":2},"end":{"line":27,"column":4}},"3":{"start":{"line":29,"column":0},"end":{"line":29,"column":24}}},"fnMap":{"0":{"name":"(anonymous_0)","decl":{"start":{"line":3,"column":17},"end":{"line":3,"column":18}},"loc":{"start":{"line":4,"column":2},"end":{"line":27,"column":4}}}},"branchMap":{"0":{"loc":{"start":{"line":14,"column":17},"end":{"line":14,"column":57}},"type":"cond-expr","locations":[{"start":{"line":14,"column":36},"end":{"line":14,"column":45}},{"start":{"line":14,"column":48},"end":{"line":14,"column":57}}]},"1":{"loc":{"start":{"line":15,"column":15},"end":{"line":15,"column":52}},"type":"cond-expr","locations":[{"start":{"line":15,"column":34},"end":{"line":15,"column":40}},{"start":{"line":15,"column":43},"end":{"line":15,"column":52}}]}},"s":{"0":0,"1":0,"2":0,"3":0},"f":{"0":0},"b":{"0":[0,0],"1":[0,0]}}
,"/Users/victorwilliams/Documents/GitHub/quote-generator/src/api/quotes.ts": {"path":"/Users/victorwilliams/Documents/GitHub/quote-generator/src/api/quotes.ts","statementMap":{"0":{"start":{"line":4,"column":0},"end":{"line":4,"column":7}},"1":{"start":{"line":1,"column":0},"end":{"line":1,"column":26}},"2":{"start":{"line":2,"column":0},"end":{"line":2,"column":57}},"3":{"start":{"line":5,"column":2},"end":{"line":13,"column":3}},"4":{"start":{"line":6,"column":21},"end":{"line":6,"column":70}},"5":{"start":{"line":7,"column":32},"end":{"line":7,"column":45}},"6":{"start":{"line":8,"column":4},"end":{"line":8,"column":37}},"7":{"start":{"line":11,"column":24},"end":{"line":11,"column":70}},"8":{"start":{"line":12,"column":4},"end":{"line":12,"column":36}}},"fnMap":{"0":{"name":"fetchQuote","decl":{"start":{"line":4,"column":22},"end":{"line":4,"column":32}},"loc":{"start":{"line":4,"column":32},"end":{"line":14,"column":1}}}},"branchMap":{},"s":{"0":0,"1":0,"2":0,"3":0,"4":0,"5":0,"6":0,"7":0,"8":0},"f":{"0":0},"b":{}}
,"/Users/victorwilliams/Documents/GitHub/quote-generator/src/components/AboutModal.tsx": {"path":"/Users/victorwilliams/Documents/GitHub/quote-generator/src/components/AboutModal.tsx","statementMap":{"0":{"start":{"line":1,"column":0},"end":{"line":1,"column":26}},"1":{"start":{"line":2,"column":0},"end":{"line":2,"column":null}},"2":{"start":{"line":13,"column":0},"end":{"line":13,"column":50}},"3":{"start":{"line":20,"column":53},"end":{"line":65,"column":1}},"4":{"start":{"line":21,"column":2},"end":{"line":64,"column":4}},"5":{"start":{"line":20,"column":13},"end":{"line":20,"column":53}},"6":{"start":{"line":67,"column":0},"end":{"line":67,"column":26}}},"fnMap":{"0":{"name":"(anonymous_1)","decl":{"start":{"line":20,"column":53},"end":{"line":20,"column":54}},"loc":{"start":{"line":20,"column":75},"end":{"line":65,"column":1}}}},"branchMap":{},"s":{"0":0,"1":0,"2":0,"3":0,"4":0,"5":0,"6":0},"f":{"0":0},"b":{}}
,"/Users/victorwilliams/Documents/GitHub/quote-generator/src/components/QuoteButton.tsx": {"path":"/Users/victorwilliams/Documents/GitHub/quote-generator/src/components/QuoteButton.tsx","statementMap":{"0":{"start":{"line":1,"column":0},"end":{"line":1,"column":26}},"1":{"start":{"line":2,"column":0},"end":{"line":2,"column":39}},"2":{"start":{"line":9,"column":48},"end":{"line":18,"column":null}},"3":{"start":{"line":10,"column":2},"end":{"line":17,"column":null}},"4":{"start":{"line":21,"column":0},"end":{"line":21,"column":27}}},"fnMap":{"0":{"name":"(anonymous_1)","decl":{"start":{"line":9,"column":48},"end":{"line":9,"column":49}},"loc":{"start":{"line":10,"column":2},"end":{"line":17,"column":null}}}},"branchMap":{"0":{"loc":{"start":{"line":17,"column":5},"end":{"line":17,"column":45}},"type":"cond-expr","locations":[{"start":{"line":17,"column":15},"end":{"line":17,"column":27}},{"start":{"line":17,"column":30},"end":{"line":17,"column":45}}]}},"s":{"0":0,"1":0,"2":0,"3":0,"4":0},"f":{"0":0},"b":{"0":[0,0]}}
,"/Users/victorwilliams/Documents/GitHub/quote-generator/src/components/QuoteCard.tsx": {"path":"/Users/victorwilliams/Documents/GitHub/quote-generator/src/components/QuoteCard.tsx","statementMap":{"0":{"start":{"line":2,"column":0},"end":{"line":2,"column":26}},"1":{"start":{"line":3,"column":0},"end":{"line":3,"column":72}},"2":{"start":{"line":11,"column":44},"end":{"line":47,"column":null}},"3":{"start":{"line":12,"column":2},"end":{"line":46,"column":null}},"4":{"start":{"line":50,"column":0},"end":{"line":50,"column":25}}},"fnMap":{"0":{"name":"(anonymous_1)","decl":{"start":{"line":11,"column":44},"end":{"line":11,"column":45}},"loc":{"start":{"line":12,"column":2},"end":{"line":46,"column":null}}}},"branchMap":{"0":{"loc":{"start":{"line":23,"column":7},"end":{"line":44,"column":null}},"type":"cond-expr","locations":[{"start":{"line":24,"column":8},"end":{"line":26,"column":null}},{"start":{"line":29,"column":8},"end":{"line":43,"column":null}}]}},"s":{"0":1,"1":1,"2":1,"3":1,"4":1},"f":{"0":1},"b":{"0":[0,1]}}
,"/Users/victorwilliams/Documents/GitHub/quote-generator/src/components/SettingsModal.tsx": {"path":"/Users/victorwilliams/Documents/GitHub/quote-generator/src/components/SettingsModal.tsx","statementMap":{"0":{"start":{"line":1,"column":0},"end":{"line":1,"column":26}},"1":{"start":{"line":2,"column":0},"end":{"line":2,"column":null}},"2":{"start":{"line":17,"column":0},"end":{"line":17,"column":50}},"3":{"start":{"line":28,"column":52},"end":{"line":54,"column":1}},"4":{"start":{"line":36,"column":2},"end":{"line":53,"column":4}},"5":{"start":{"line":56,"column":0},"end":{"line":56,"column":29}}},"fnMap":{"0":{"name":"(anonymous_1)","decl":{"start":{"line":28,"column":52},"end":{"line":28,"column":53}},"loc":{"start":{"line":35,"column":5},"end":{"line":54,"column":1}}}},"branchMap":{},"s":{"0":0,"1":0,"2":0,"3":0,"4":0,"5":0},"f":{"0":0},"b":{}}
,"/Users/victorwilliams/Documents/GitHub/quote-generator/src/data/localQuotes.ts": {"path":"/Users/victorwilliams/Documents/GitHub/quote-generator/src/data/localQuotes.ts","statementMap":{"0":{"start":{"line":6,"column":13},"end":{"line":27,"column":2}}},"fnMap":{},"branchMap":{},"s":{"0":0},"f":{},"b":{}}
}
